<?xml version="1.0" encoding="UTF-8"?>
<!-- Generated by org.testng.reporters.JUnitReportReporter -->
<testsuite hostname="MTLP-2581" failures="0" tests="2" name="com.demo.qa.test.LoginTest" time="21.504" errors="0" timestamp="20 Jan 2023 05:31:23 GMT">
  <testcase classname="com.demo.qa.test.LoginTest" name="loginProcess" time="10.719"/>
  <testcase classname="com.demo.qa.test.LoginTest" name="loginProcess" time="10.785"/>
</testsuite> <!-- com.demo.qa.test.LoginTest -->
