<?xml version="1.0" encoding="UTF-8"?>
<!-- Generated by org.testng.reporters.JUnitReportReporter -->
<testsuite hostname="MTLP-2581" failures="0" tests="1" name="TestSelenium" time="20.894" errors="0" timestamp="13 Dec 2022 11:11:42 GMT">
  <testcase classname="TestSelenium" name="simpletest" time="20.894"/>
</testsuite> <!-- TestSelenium -->
