<?xml version="1.0" encoding="UTF-8"?>
<!-- Generated by org.testng.reporters.JUnitReportReporter -->
<testsuite hostname="MTLP-2581" failures="0" tests="2" name="com.demo.qa.test.LoginTest" time="25.577" errors="0" timestamp="19 Jan 2023 11:10:00 GMT">
  <testcase classname="com.demo.qa.test.LoginTest" name="loginProcess" time="12.370"/>
  <testcase classname="com.demo.qa.test.LoginTest" name="loginProcess" time="13.207"/>
</testsuite> <!-- com.demo.qa.test.LoginTest -->
